<?xml version="1.0" encoding="UTF-8"?>
<!-- Generated by org.testng.reporters.JUnitReportReporter -->
<testsuite hostname="AhmadPC" failures="0" tests="11" name="runners.TestRunner" time="88.117" errors="0" timestamp="2025-08-30T14:46:06 IST" skipped="0">
  <testcase classname="runners.TestRunner" name="runScenario" time="6.878"/>
  <testcase classname="runners.TestRunner" name="runScenario" time="7.598"/>
  <testcase classname="runners.TestRunner" name="runScenario" time="6.051"/>
  <testcase classname="runners.TestRunner" name="runScenario" time="4.529"/>
  <testcase classname="runners.TestRunner" name="runScenario" time="7.450"/>
  <testcase classname="runners.TestRunner" name="runScenario" time="5.116"/>
  <testcase classname="runners.TestRunner" name="runScenario" time="5.030"/>
  <testcase classname="runners.TestRunner" name="runScenario" time="21.231"/>
  <testcase classname="runners.TestRunner" name="runScenario" time="3.651"/>
  <testcase classname="runners.TestRunner" name="runScenario" time="15.025"/>
  <testcase classname="runners.TestRunner" name="runScenario" time="5.558"/>
</testsuite> <!-- runners.TestRunner -->
