<?xml version="1.0" encoding="UTF-8"?>
<!-- Generated by org.testng.reporters.JUnitReportReporter -->
<testsuite hostname="AhmadPC" failures="0" tests="11" name="runners.TestRunner" time="102.283" errors="0" timestamp="2025-09-02T16:23:27 IST" skipped="0">
  <testcase classname="runners.TestRunner" name="runScenario" time="7.060"/>
  <testcase classname="runners.TestRunner" name="runScenario" time="8.382"/>
  <testcase classname="runners.TestRunner" name="runScenario" time="6.652"/>
  <testcase classname="runners.TestRunner" name="runScenario" time="5.565"/>
  <testcase classname="runners.TestRunner" name="runScenario" time="7.699"/>
  <testcase classname="runners.TestRunner" name="runScenario" time="5.937"/>
  <testcase classname="runners.TestRunner" name="runScenario" time="5.622"/>
  <testcase classname="runners.TestRunner" name="runScenario" time="21.811"/>
  <testcase classname="runners.TestRunner" name="runScenario" time="4.752"/>
  <testcase classname="runners.TestRunner" name="runScenario" time="22.994"/>
  <testcase classname="runners.TestRunner" name="runScenario" time="5.809"/>
</testsuite> <!-- runners.TestRunner -->
