<?xml version="1.0" encoding="UTF-8"?>
<!-- Generated by org.testng.reporters.JUnitReportReporter -->
<testsuite hostname="AhmadPC" failures="0" tests="11" name="runners.TestRunner" time="116.322" errors="0" timestamp="2025-09-02T14:56:09 IST" skipped="0">
  <testcase classname="runners.TestRunner" name="runScenario" time="9.715"/>
  <testcase classname="runners.TestRunner" name="runScenario" time="8.006"/>
  <testcase classname="runners.TestRunner" name="runScenario" time="6.527"/>
  <testcase classname="runners.TestRunner" name="runScenario" time="22.637"/>
  <testcase classname="runners.TestRunner" name="runScenario" time="9.653"/>
  <testcase classname="runners.TestRunner" name="runScenario" time="7.020"/>
  <testcase classname="runners.TestRunner" name="runScenario" time="6.907"/>
  <testcase classname="runners.TestRunner" name="runScenario" time="5.223"/>
  <testcase classname="runners.TestRunner" name="runScenario" time="24.055"/>
  <testcase classname="runners.TestRunner" name="runScenario" time="8.918"/>
  <testcase classname="runners.TestRunner" name="runScenario" time="7.661"/>
</testsuite> <!-- runners.TestRunner -->
