<?xml version="1.0" encoding="UTF-8"?>
<!-- Generated by org.testng.reporters.JUnitReportReporter -->
<testsuite hostname="AhmadPC" failures="0" tests="22" name="runners.TestRunner" time="227.630" errors="0" timestamp="2025-09-02T17:14:48 IST" skipped="0">
  <testcase classname="runners.TestRunner" name="runScenario" time="28.500"/>
  <testcase classname="runners.TestRunner" name="runScenario" time="6.003"/>
  <testcase classname="runners.TestRunner" name="runScenario" time="6.049"/>
  <testcase classname="runners.TestRunner" name="runScenario" time="8.560"/>
  <testcase classname="runners.TestRunner" name="runScenario" time="7.981"/>
  <testcase classname="runners.TestRunner" name="runScenario" time="8.354"/>
  <testcase classname="runners.TestRunner" name="runScenario" time="7.390"/>
  <testcase classname="runners.TestRunner" name="runScenario" time="9.237"/>
  <testcase classname="runners.TestRunner" name="runScenario" time="6.886"/>
  <testcase classname="runners.TestRunner" name="runScenario" time="7.042"/>
  <testcase classname="runners.TestRunner" name="runScenario" time="4.932"/>
  <testcase classname="runners.TestRunner" name="runScenario" time="6.898"/>
  <testcase classname="runners.TestRunner" name="runScenario" time="4.559"/>
  <testcase classname="runners.TestRunner" name="runScenario" time="6.439"/>
  <testcase classname="runners.TestRunner" name="runScenario" time="5.507"/>
  <testcase classname="runners.TestRunner" name="runScenario" time="8.503"/>
  <testcase classname="runners.TestRunner" name="runScenario" time="25.808"/>
  <testcase classname="runners.TestRunner" name="runScenario" time="5.557"/>
  <testcase classname="runners.TestRunner" name="runScenario" time="8.727"/>
  <testcase classname="runners.TestRunner" name="runScenario" time="22.568"/>
  <testcase classname="runners.TestRunner" name="runScenario" time="9.405"/>
  <testcase classname="runners.TestRunner" name="runScenario" time="22.725"/>
</testsuite> <!-- runners.TestRunner -->
